STAR version=STAR_2.6.1d
STAR compilation time,server,dir=Fri Nov 16 17:02:31 EST 2018 florence.cshl.edu:/sonas-hs/gingeras/nlsas_norepl/user/dobin/STAR/STAR.master/source
##### DEFAULT parameters:
versionSTAR                       20201
versionGenome                     20101   20200   
parametersFiles                   -   
sysShell                          -
runMode                           alignReads
runThreadN                        1
runDirPerm                        User_RWX
runRNGseed                        777
genomeDir                         ./GenomeDir/
genomeLoad                        NoSharedMemory
genomeFastaFiles                  -   
genomeChainFiles                  -   
genomeSAindexNbases               14
genomeChrBinNbits                 18
genomeSAsparseD                   1
genomeSuffixLengthMax             18446744073709551615
genomeFileSizes                   0   
genomeConsensusFile               -
readFilesType                     Fastx   
readFilesIn                       Read1   Read2   
readFilesPrefix                   -
readFilesCommand                  -   
readMatesLengthsIn                NotEqual
readMapNumber                     18446744073709551615
readNameSeparator                 /   
inputBAMfile                      -
bamRemoveDuplicatesType           -
bamRemoveDuplicatesMate2basesN    0
limitGenomeGenerateRAM            31000000000
limitIObufferSize                 150000000
limitOutSAMoneReadBytes           100000
limitOutSJcollapsed               1000000
limitOutSJoneRead                 1000
limitBAMsortRAM                   0
limitSjdbInsertNsj                1000000
outTmpDir                         -
outTmpKeep                        None
outStd                            Log
outReadsUnmapped                  None
outQSconversionAdd                0
outMultimapperOrder               Old_2.4
outSAMtype                        SAM   
outSAMmode                        Full
outSAMstrandField                 None
outSAMattributes                  Standard   
outSAMunmapped                    None   
outSAMorder                       Paired
outSAMprimaryFlag                 OneBestScore
outSAMreadID                      Standard
outSAMmapqUnique                  255
outSAMflagOR                      0
outSAMflagAND                     65535
outSAMattrRGline                  -   
outSAMheaderHD                    -   
outSAMheaderPG                    -   
outSAMheaderCommentFile           -
outBAMcompression                 1
outBAMsortingThreadN              0
outBAMsortingBinsN                50
outSAMfilter                      None   
outSAMmultNmax                    18446744073709551615
outSAMattrIHstart                 1
outSAMtlen                        1
outSJfilterReads                  All
outSJfilterCountUniqueMin         3   1   1   1   
outSJfilterCountTotalMin          3   1   1   1   
outSJfilterOverhangMin            30   12   12   12   
outSJfilterDistToOtherSJmin       10   0   5   10   
outSJfilterIntronMaxVsReadN       50000   100000   200000   
outWigType                        None   
outWigStrand                      Stranded   
outWigReferencesPrefix            -
outWigNorm                        RPM   
outFilterType                     Normal
outFilterMultimapNmax             10
outFilterMultimapScoreRange       1
outFilterScoreMin                 0
outFilterScoreMinOverLread        0.66
outFilterMatchNmin                0
outFilterMatchNminOverLread       0.66
outFilterMismatchNmax             10
outFilterMismatchNoverLmax        0.3
outFilterMismatchNoverReadLmax    1
outFilterIntronMotifs             None
outFilterIntronStrands            RemoveInconsistentStrands
clip5pNbases                      0   
clip3pNbases                      0   
clip3pAfterAdapterNbases          0   
clip3pAdapterSeq                  -   
clip3pAdapterMMp                  0.1   
winBinNbits                       16
winAnchorDistNbins                9
winFlankNbins                     4
winAnchorMultimapNmax             50
winReadCoverageRelativeMin        0.5
winReadCoverageBasesMin           0
scoreGap                          0
scoreGapNoncan                    -8
scoreGapGCAG                      -4
scoreGapATAC                      -8
scoreStitchSJshift                1
scoreGenomicLengthLog2scale       -0.25
scoreDelBase                      -2
scoreDelOpen                      -2
scoreInsOpen                      -2
scoreInsBase                      -2
seedSearchLmax                    0
seedSearchStartLmax               50
seedSearchStartLmaxOverLread      1
seedPerReadNmax                   1000
seedPerWindowNmax                 50
seedNoneLociPerWindow             10
seedMultimapNmax                  10000
seedSplitMin                      12
alignIntronMin                    21
alignIntronMax                    0
alignMatesGapMax                  0
alignTranscriptsPerReadNmax       10000
alignSJoverhangMin                5
alignSJDBoverhangMin              3
alignSJstitchMismatchNmax         0   -1   0   0   
alignSplicedMateMapLmin           0
alignSplicedMateMapLminOverLmate    0.66
alignWindowsPerReadNmax           10000
alignTranscriptsPerWindowNmax     100
alignEndsType                     Local
alignSoftClipAtReferenceEnds      Yes
alignEndsProtrude                 0   ConcordantPair   
alignInsertionFlush               None
peOverlapNbasesMin                0
peOverlapMMp                      0.01
chimSegmentMin                    0
chimScoreMin                      0
chimScoreDropMax                  20
chimScoreSeparation               10
chimScoreJunctionNonGTAG          -1
chimMainSegmentMultNmax           10
chimJunctionOverhangMin           20
chimOutType                       Junctions   
chimFilter                        banGenomicN   
chimSegmentReadGapMax             0
chimMultimapNmax                  0
chimMultimapScoreRange            1
chimNonchimScoreDropMin           20
chimOutJunctionFormat             0   
sjdbFileChrStartEnd               -   
sjdbGTFfile                       -
sjdbGTFchrPrefix                  -
sjdbGTFfeatureExon                exon
sjdbGTFtagExonParentTranscript    transcript_id
sjdbGTFtagExonParentGene          gene_id
sjdbOverhang                      100
sjdbScore                         2
sjdbInsertSave                    Basic
varVCFfile                        -
waspOutputMode                    None
quantMode                         -   
quantTranscriptomeBAMcompression    1
quantTranscriptomeBan             IndelSoftclipSingleend
twopass1readsN                    18446744073709551615
twopassMode                       None
##### Command Line:
STAR --genomeDir STARIndex --readFilesIn CONTROL_REP2_1_val_1.fq.gz CONTROL_REP2_2_val_2.fq.gz --runThreadN 8 --outFileNamePrefix CONTROL_REP2. --sjdbGTFfile genome.filtered.gtf --outSAMattrRGline ID:CONTROL_REP2 SM:CONTROL_REP2 --quantMode TranscriptomeSAM --twopassMode Basic --outSAMtype BAM Unsorted --readFilesCommand zcat --runRNGseed 0 --outFilterMultimapNmax 20 --alignSJDBoverhangMin 1 --outSAMattributes NH HI AS NM MD --quantTranscriptomeBan Singleend --outSAMstrandField intronMotif
##### Initial USER parameters from Command Line:
outFileNamePrefix                 CONTROL_REP2.
###### All USER parameters from Command Line:
genomeDir                     STARIndex     ~RE-DEFINED
readFilesIn                   CONTROL_REP2_1_val_1.fq.gz   CONTROL_REP2_2_val_2.fq.gz        ~RE-DEFINED
runThreadN                    8     ~RE-DEFINED
outFileNamePrefix             CONTROL_REP2.     ~RE-DEFINED
sjdbGTFfile                   genome.filtered.gtf     ~RE-DEFINED
outSAMattrRGline              ID:CONTROL_REP2   SM:CONTROL_REP2        ~RE-DEFINED
quantMode                     TranscriptomeSAM        ~RE-DEFINED
twopassMode                   Basic     ~RE-DEFINED
outSAMtype                    BAM   Unsorted        ~RE-DEFINED
readFilesCommand              zcat        ~RE-DEFINED
runRNGseed                    0     ~RE-DEFINED
outFilterMultimapNmax         20     ~RE-DEFINED
alignSJDBoverhangMin          1     ~RE-DEFINED
outSAMattributes              NH   HI   AS   NM   MD        ~RE-DEFINED
quantTranscriptomeBan         Singleend     ~RE-DEFINED
outSAMstrandField             intronMotif     ~RE-DEFINED
##### Finished reading parameters from all sources

##### Final user re-defined parameters-----------------:
runThreadN                        8
runRNGseed                        0
genomeDir                         STARIndex
readFilesIn                       CONTROL_REP2_1_val_1.fq.gz   CONTROL_REP2_2_val_2.fq.gz   
readFilesCommand                  zcat   
outFileNamePrefix                 CONTROL_REP2.
outSAMtype                        BAM   Unsorted   
outSAMstrandField                 intronMotif
outSAMattributes                  NH   HI   AS   NM   MD   
outSAMattrRGline                  ID:CONTROL_REP2   SM:CONTROL_REP2   
outFilterMultimapNmax             20
alignSJDBoverhangMin              1
sjdbGTFfile                       genome.filtered.gtf
quantMode                         TranscriptomeSAM   
quantTranscriptomeBan             Singleend
twopassMode                       Basic

-------------------------------
##### Final effective command line:
STAR   --runThreadN 8   --runRNGseed 0   --genomeDir STARIndex   --readFilesIn CONTROL_REP2_1_val_1.fq.gz   CONTROL_REP2_2_val_2.fq.gz      --readFilesCommand zcat      --outFileNamePrefix CONTROL_REP2.   --outSAMtype BAM   Unsorted      --outSAMstrandField intronMotif   --outSAMattributes NH   HI   AS   NM   MD      --outSAMattrRGline ID:CONTROL_REP2   SM:CONTROL_REP2      --outFilterMultimapNmax 20   --alignSJDBoverhangMin 1   --sjdbGTFfile genome.filtered.gtf   --quantMode TranscriptomeSAM      --quantTranscriptomeBan Singleend   --twopassMode Basic

##### Final parameters after user input--------------------------------:
versionSTAR                       20201
versionGenome                     20101   20200   
parametersFiles                   -   
sysShell                          -
runMode                           alignReads
runThreadN                        8
runDirPerm                        User_RWX
runRNGseed                        0
genomeDir                         STARIndex
genomeLoad                        NoSharedMemory
genomeFastaFiles                  -   
genomeChainFiles                  -   
genomeSAindexNbases               14
genomeChrBinNbits                 18
genomeSAsparseD                   1
genomeSuffixLengthMax             18446744073709551615
genomeFileSizes                   0   
genomeConsensusFile               -
readFilesType                     Fastx   
readFilesIn                       CONTROL_REP2_1_val_1.fq.gz   CONTROL_REP2_2_val_2.fq.gz   
readFilesPrefix                   -
readFilesCommand                  zcat   
readMatesLengthsIn                NotEqual
readMapNumber                     18446744073709551615
readNameSeparator                 /   
inputBAMfile                      -
bamRemoveDuplicatesType           -
bamRemoveDuplicatesMate2basesN    0
limitGenomeGenerateRAM            31000000000
limitIObufferSize                 150000000
limitOutSAMoneReadBytes           100000
limitOutSJcollapsed               1000000
limitOutSJoneRead                 1000
limitBAMsortRAM                   0
limitSjdbInsertNsj                1000000
outFileNamePrefix                 CONTROL_REP2.
outTmpDir                         -
outTmpKeep                        None
outStd                            Log
outReadsUnmapped                  None
outQSconversionAdd                0
outMultimapperOrder               Old_2.4
outSAMtype                        BAM   Unsorted   
outSAMmode                        Full
outSAMstrandField                 intronMotif
outSAMattributes                  NH   HI   AS   NM   MD   
outSAMunmapped                    None   
outSAMorder                       Paired
outSAMprimaryFlag                 OneBestScore
outSAMreadID                      Standard
outSAMmapqUnique                  255
outSAMflagOR                      0
outSAMflagAND                     65535
outSAMattrRGline                  ID:CONTROL_REP2   SM:CONTROL_REP2   
outSAMheaderHD                    -   
outSAMheaderPG                    -   
outSAMheaderCommentFile           -
outBAMcompression                 1
outBAMsortingThreadN              0
outBAMsortingBinsN                50
outSAMfilter                      None   
outSAMmultNmax                    18446744073709551615
outSAMattrIHstart                 1
outSAMtlen                        1
outSJfilterReads                  All
outSJfilterCountUniqueMin         3   1   1   1   
outSJfilterCountTotalMin          3   1   1   1   
outSJfilterOverhangMin            30   12   12   12   
outSJfilterDistToOtherSJmin       10   0   5   10   
outSJfilterIntronMaxVsReadN       50000   100000   200000   
outWigType                        None   
outWigStrand                      Stranded   
outWigReferencesPrefix            -
outWigNorm                        RPM   
outFilterType                     Normal
outFilterMultimapNmax             20
outFilterMultimapScoreRange       1
outFilterScoreMin                 0
outFilterScoreMinOverLread        0.66
outFilterMatchNmin                0
outFilterMatchNminOverLread       0.66
outFilterMismatchNmax             10
outFilterMismatchNoverLmax        0.3
outFilterMismatchNoverReadLmax    1
outFilterIntronMotifs             None
outFilterIntronStrands            RemoveInconsistentStrands
clip5pNbases                      0   
clip3pNbases                      0   
clip3pAfterAdapterNbases          0   
clip3pAdapterSeq                  -   
clip3pAdapterMMp                  0.1   
winBinNbits                       16
winAnchorDistNbins                9
winFlankNbins                     4
winAnchorMultimapNmax             50
winReadCoverageRelativeMin        0.5
winReadCoverageBasesMin           0
scoreGap                          0
scoreGapNoncan                    -8
scoreGapGCAG                      -4
scoreGapATAC                      -8
scoreStitchSJshift                1
scoreGenomicLengthLog2scale       -0.25
scoreDelBase                      -2
scoreDelOpen                      -2
scoreInsOpen                      -2
scoreInsBase                      -2
seedSearchLmax                    0
seedSearchStartLmax               50
seedSearchStartLmaxOverLread      1
seedPerReadNmax                   1000
seedPerWindowNmax                 50
seedNoneLociPerWindow             10
seedMultimapNmax                  10000
seedSplitMin                      12
alignIntronMin                    21
alignIntronMax                    0
alignMatesGapMax                  0
alignTranscriptsPerReadNmax       10000
alignSJoverhangMin                5
alignSJDBoverhangMin              1
alignSJstitchMismatchNmax         0   -1   0   0   
alignSplicedMateMapLmin           0
alignSplicedMateMapLminOverLmate    0.66
alignWindowsPerReadNmax           10000
alignTranscriptsPerWindowNmax     100
alignEndsType                     Local
alignSoftClipAtReferenceEnds      Yes
alignEndsProtrude                 0   ConcordantPair   
alignInsertionFlush               None
peOverlapNbasesMin                0
peOverlapMMp                      0.01
chimSegmentMin                    0
chimScoreMin                      0
chimScoreDropMax                  20
chimScoreSeparation               10
chimScoreJunctionNonGTAG          -1
chimMainSegmentMultNmax           10
chimJunctionOverhangMin           20
chimOutType                       Junctions   
chimFilter                        banGenomicN   
chimSegmentReadGapMax             0
chimMultimapNmax                  0
chimMultimapScoreRange            1
chimNonchimScoreDropMin           20
chimOutJunctionFormat             0   
sjdbFileChrStartEnd               -   
sjdbGTFfile                       genome.filtered.gtf
sjdbGTFchrPrefix                  -
sjdbGTFfeatureExon                exon
sjdbGTFtagExonParentTranscript    transcript_id
sjdbGTFtagExonParentGene          gene_id
sjdbOverhang                      100
sjdbScore                         2
sjdbInsertSave                    Basic
varVCFfile                        -
waspOutputMode                    None
quantMode                         TranscriptomeSAM   
quantTranscriptomeBAMcompression    1
quantTranscriptomeBan             Singleend
twopass1readsN                    18446744073709551615
twopassMode                       Basic
----------------------------------------


   Input read files for mate 1, from input string CONTROL_REP2_1_val_1.fq.gz
-rw-r--r--    1 33333    33333     12649217 Jun 12 15:41 CONTROL_REP2_1_val_1.fq.gz

   readsCommandsFile:
exec > "CONTROL_REP2._STARtmp/tmp.fifo.read1"
echo FILE 0
zcat      "CONTROL_REP2_1_val_1.fq.gz"


   Input read files for mate 2, from input string CONTROL_REP2_2_val_2.fq.gz
-rw-r--r--    1 33333    33333     12636607 Jun 12 15:41 CONTROL_REP2_2_val_2.fq.gz

   readsCommandsFile:
exec > "CONTROL_REP2._STARtmp/tmp.fifo.read2"
echo FILE 0
zcat      "CONTROL_REP2_2_val_2.fq.gz"

WARNING --outSAMattrRG defines a read group, therefore STAR will output RG attribute
WARNING --outSAMstrandField=intronMotif, therefore STAR will output XS attribute
Finished loading and checking parameters
Reading genome generation parameters:
### STAR   --runMode genomeGenerate   --runThreadN 8   --genomeDir ./   --genomeFastaFiles genome.fa      --sjdbGTFfile genes.gtf   --sjdbOverhang 100
versionGenome                 20201        ~RE-DEFINED
genomeFastaFiles              genome.fa        ~RE-DEFINED
genomeSAindexNbases           14     ~RE-DEFINED
genomeChrBinNbits             18     ~RE-DEFINED
genomeSAsparseD               1     ~RE-DEFINED
sjdbOverhang                  100     ~RE-DEFINED
sjdbFileChrStartEnd           -        ~RE-DEFINED
sjdbGTFfile                   genes.gtf     ~RE-DEFINED
sjdbGTFchrPrefix              -     ~RE-DEFINED
sjdbGTFfeatureExon            exon     ~RE-DEFINED
sjdbGTFtagExonParentTranscripttranscript_id     ~RE-DEFINED
sjdbGTFtagExonParentGene      gene_id     ~RE-DEFINED
sjdbInsertSave                Basic     ~RE-DEFINED
Genome version is compatible with current STAR version
Number of real (reference) chromosomes= 8
1	2L	23513712	0
2	2R	25286936	23592960
3	3L	28110227	49020928
4	3R	32079331	77332480
5	4	1348131	109576192
6	M	19517	111149056
7	X	23542271	111411200
8	Y	3667352	135004160
--sjdbOverhang = 100 taken from the generated genome
Started loading the genome: Wed Jun 12 15:47:12 2024

Checking Genome sizefile size: 150759100 bytes; state: good=1 eof=0 fail=0 bad=0
Checking SA sizefile size: 1230090604 bytes; state: good=1 eof=0 fail=0 bad=0
SAindex: size given as a parameter = 1
Read from SAindex: pGe.gSAindexNbases=14  nSAi=357913940
nGenome=150759100;  nSAbyte=1230090604
GstrandBit=32   SA number of indices=298203782
Shared memory is not used for genomes. Allocated a private copy of the genome.
Genome file size: 150759100 bytes; state: good=1 eof=0 fail=0 bad=0
Loading Genome ... done! state: good=1 eof=0 fail=0 bad=0; loaded 150759100 bytes
SA file size: 1230090604 bytes; state: good=1 eof=0 fail=0 bad=0
Loading SA ... done! state: good=1 eof=0 fail=0 bad=0; loaded 1230090604 bytes
Loading SAindex ... done: 1565873619 bytes
Finished loading the genome: Wed Jun 12 15:47:14 2024

Processing splice junctions database sjdbN=60124,   pGe.sjdbOverhang=100 
alignIntronMax=alignMatesGapMax=0, the max intron size will be approximately determined by (2^winBinNbits)*winAnchorDistNbins=589824
Jun 12 15:47:14   Loaded database junctions from the generated genome STARIndex/sjdbList.out.tab: 60124 total junctions

Jun 12 15:47:14 ..... processing annotations GTF
Processing pGe.sjdbGTFfile=genome.filtered.gtf, found:
		34648 transcripts
		186207 exons (non-collapsed)
		60124 collapsed junctions
Jun 12 15:47:16 ..... finished GTF processing
Jun 12 15:47:16   Loaded database junctions from the GTF file: genome.filtered.gtf: 120248 total junctions

Jun 12 15:47:16   Finished preparing junctions
Jun 12 15:47:16 ..... inserting junctions into the genome indices
Jun 12 15:47:16   Finished SA search: number of new junctions=0, old junctions=60124
Jun 12 15:47:16   Finished sorting SA indicesL nInd=0
Genome size with junctions=150759100  138674176   12084924
GstrandBit1=32   GstrandBit=32
Jun 12 15:47:20   Finished inserting junction indices
Jun 12 15:47:23   Finished SAi
Jun 12 15:47:23 ..... finished inserting junctions into genome
Created thread # 1
Created thread # 2
Starting to map file # 0
mate 1:   CONTROL_REP2_1_val_1.fq.gz
mate 2:   CONTROL_REP2_2_val_2.fq.gz
Created thread # 3
Created thread # 4
Created thread # 5
Created thread # 6
Created thread # 7
Thread #2 end of input stream, nextChar=-1
Completed: thread #3
Completed: thread #4
Completed: thread #5
Completed: thread #6
Completed: thread #0
Completed: thread #7
Completed: thread #2
Completed: thread #1
Joined thread # 1
Joined thread # 2
Joined thread # 3
Joined thread # 4
Joined thread # 5
Joined thread # 6
Joined thread # 7
Jun 12 15:47:27   Loaded database junctions from the 1st pass file: CONTROL_REP2._STARpass1//SJ.out.tab: 120267 total junctions

Jun 12 15:47:27   Finished preparing junctions
Jun 12 15:47:27 ..... inserting junctions into the genome indices
Jun 12 15:47:27   Finished SA search: number of new junctions=16, old junctions=60124
Jun 12 15:47:27   Finished sorting SA indicesL nInd=6400
Genome size with junctions=150762316  138674176   12088140
GstrandBit1=32   GstrandBit=32
Jun 12 15:47:31   Finished inserting junction indices
Jun 12 15:47:36   Finished SAi
Jun 12 15:47:36 ..... finished inserting junctions into genome

   Input read files for mate 1, from input string CONTROL_REP2_1_val_1.fq.gz
-rw-r--r--    1 33333    33333     12649217 Jun 12 15:41 CONTROL_REP2_1_val_1.fq.gz

   readsCommandsFile:
exec > "CONTROL_REP2._STARtmp/tmp.fifo.read1"
echo FILE 0
zcat      "CONTROL_REP2_1_val_1.fq.gz"


   Input read files for mate 2, from input string CONTROL_REP2_2_val_2.fq.gz
-rw-r--r--    1 33333    33333     12636607 Jun 12 15:41 CONTROL_REP2_2_val_2.fq.gz

   readsCommandsFile:
exec > "CONTROL_REP2._STARtmp/tmp.fifo.read2"
echo FILE 0
zcat      "CONTROL_REP2_2_val_2.fq.gz"

Loaded transcript database, nTr=34648
Loaded exon database, nEx=186207
Created thread # 1
Starting to map file # 0
mate 1:   CONTROL_REP2_1_val_1.fq.gz
mate 2:   CONTROL_REP2_2_val_2.fq.gz
Created thread # 2
Created thread # 3
Created thread # 4
Created thread # 5
Created thread # 6
Created thread # 7
Thread #2 end of input stream, nextChar=-1
Completed: thread #3
Completed: thread #4
Completed: thread #5
Completed: thread #6
Completed: thread #0
Completed: thread #7
Completed: thread #2
Completed: thread #1
Joined thread # 1
Joined thread # 2
Joined thread # 3
Joined thread # 4
Joined thread # 5
Joined thread # 6
Joined thread # 7
ALL DONE!
