                                 Started job on |	Jun 12 15:46:04
                             Started mapping on |	Jun 12 15:46:28
                                    Finished on |	Jun 12 15:46:36
       Mapping speed, Million of reads per hour |	87.08

                          Number of input reads |	193506
                      Average input read length |	192
                                    UNIQUE READS:
                   Uniquely mapped reads number |	187402
                        Uniquely mapped reads % |	96.85%
                          Average mapped length |	192.70
                       Number of splices: Total |	29771
            Number of splices: Annotated (sjdb) |	29757
                       Number of splices: GT/AG |	28977
                       Number of splices: GC/AG |	792
                       Number of splices: AT/AC |	0
               Number of splices: Non-canonical |	2
                      Mismatch rate per base, % |	0.12%
                         Deletion rate per base |	0.00%
                        Deletion average length |	1.54
                        Insertion rate per base |	0.00%
                       Insertion average length |	1.64
                             MULTI-MAPPING READS:
        Number of reads mapped to multiple loci |	353
             % of reads mapped to multiple loci |	0.18%
        Number of reads mapped to too many loci |	0
             % of reads mapped to too many loci |	0.00%
                                  UNMAPPED READS:
       % of reads unmapped: too many mismatches |	0.00%
                 % of reads unmapped: too short |	2.97%
                     % of reads unmapped: other |	0.00%
                                  CHIMERIC READS:
                       Number of chimeric reads |	0
                            % of chimeric reads |	0.00%
