                                 Started job on |	Jun 12 15:45:27
                             Started mapping on |	Jun 12 15:45:52
                                    Finished on |	Jun 12 15:46:02
       Mapping speed, Million of reads per hour |	58.71

                          Number of input reads |	163081
                      Average input read length |	181
                                    UNIQUE READS:
                   Uniquely mapped reads number |	131513
                        Uniquely mapped reads % |	80.64%
                          Average mapped length |	178.77
                       Number of splices: Total |	11924
            Number of splices: Annotated (sjdb) |	11912
                       Number of splices: GT/AG |	11924
                       Number of splices: GC/AG |	0
                       Number of splices: AT/AC |	0
               Number of splices: Non-canonical |	0
                      Mismatch rate per base, % |	0.20%
                         Deletion rate per base |	0.00%
                        Deletion average length |	1.72
                        Insertion rate per base |	0.04%
                       Insertion average length |	1.93
                             MULTI-MAPPING READS:
        Number of reads mapped to multiple loci |	603
             % of reads mapped to multiple loci |	0.37%
        Number of reads mapped to too many loci |	0
             % of reads mapped to too many loci |	0.00%
                                  UNMAPPED READS:
       % of reads unmapped: too many mismatches |	0.00%
                 % of reads unmapped: too short |	18.99%
                     % of reads unmapped: other |	0.00%
                                  CHIMERIC READS:
                       Number of chimeric reads |	0
                            % of chimeric reads |	0.00%
