                                 Started job on |	Jun 12 15:46:38
                             Started mapping on |	Jun 12 15:47:02
                                    Finished on |	Jun 12 15:47:10
       Mapping speed, Million of reads per hour |	98.81

                          Number of input reads |	219568
                      Average input read length |	193
                                    UNIQUE READS:
                   Uniquely mapped reads number |	208482
                        Uniquely mapped reads % |	94.95%
                          Average mapped length |	192.89
                       Number of splices: Total |	30941
            Number of splices: Annotated (sjdb) |	30924
                       Number of splices: GT/AG |	28911
                       Number of splices: GC/AG |	2028
                       Number of splices: AT/AC |	0
               Number of splices: Non-canonical |	2
                      Mismatch rate per base, % |	0.17%
                         Deletion rate per base |	0.00%
                        Deletion average length |	1.51
                        Insertion rate per base |	0.01%
                       Insertion average length |	1.77
                             MULTI-MAPPING READS:
        Number of reads mapped to multiple loci |	651
             % of reads mapped to multiple loci |	0.30%
        Number of reads mapped to too many loci |	0
             % of reads mapped to too many loci |	0.00%
                                  UNMAPPED READS:
       % of reads unmapped: too many mismatches |	0.00%
                 % of reads unmapped: too short |	4.75%
                     % of reads unmapped: other |	0.00%
                                  CHIMERIC READS:
                       Number of chimeric reads |	0
                            % of chimeric reads |	0.00%
